<?xml version="1.0" encoding="UTF-8"?>
<testsuites>
    <testsuite name="force.apex" timestamp="2025-09-29T11:21:35.000Z" hostname="https://ruby-business-6037-dev-ed.scratch.my.salesforce.com" tests="1" failures="0"  errors="0"  time="0.03">
        <properties>
            <property name="outcome" value="Successful"/>
            <property name="testsRan" value="1"/>
            <property name="passing" value="1"/>
            <property name="failing" value="0"/>
            <property name="skipped" value="0"/>
            <property name="passRate" value="100%"/>
            <property name="failRate" value="0%"/>
            <property name="testStartTime" value="Mon Sep 29 2025 4:51:35 PM"/>
            <property name="testSetupTimeInMs" value="0"/>
            <property name="testExecutionTime" value="0.03 s"/>
            <property name="testTotalTime" value="0.03 s"/>
            <property name="commandTime" value="0.41 s"/>
            <property name="hostname" value="https://ruby-business-6037-dev-ed.scratch.my.salesforce.com"/>
            <property name="orgId" value="00DHF000001xKF32AM"/>
            <property name="username" value="test-djzxunutjsub@example.com"/>
            <property name="testRunId" value="707HF00000KHbJ3"/>
            <property name="userId" value="005HF000003weHtYAI"/>
            <property name="coveredLines" value="4"/>
            <property name="testRunCoverage" value="100%"/>
            <property name="orgWideCoverage" value="100%"/>
        </properties>
        <testcase name="testGetMessage" classname="HelloWorldServiceTest" time="0.03">
        </testcase>
    </testsuite>
</testsuites>
